Arguments: 
  /Users/jacobsen/.nvm/versions/node/v10.16.3/bin/node /usr/local/Cellar/yarn/1.19.1/libexec/bin/yarn.js init -t

PATH: 
  /Users/jacobsen/.nvm/versions/node/v10.16.3/bin:/Users/jacobsen/.nvm/versions/node/v9.0.0/bin:/Users/jacobsen/apache-maven-3.6.3/bin:/usr/local/opt/openvpn/sbin:/usr/local/bin:/usr/bin:/bin:/usr/sbin:/sbin:/Library/Apple/usr/bin:/Users/jacobsen/.nvm/versions/node/v10.16.3/bin:/Users/jacobsen/.nvm/versions/node/v9.0.0/bin:/Users/jacobsen/apache-maven-3.6.3/bin:/usr/local/opt/openvpn/sbin:/Users/jacobsen/Library/Android/sdk/tools:/Users/jacobsen/Library/Android/sdk/platform-tools:/Users/jacobsen/Library/Android/sdk/tools:/Users/jacobsen/Library/Android/sdk/platform-tools

Yarn version: 
  1.19.1

Node version: 
  10.16.3

Platform: 
  darwin x64

Trace: 
  Error: canceled
      at Interface.<anonymous> (/usr/local/Cellar/yarn/1.19.1/libexec/lib/cli.js:136824:13)
      at Interface.emit (events.js:198:13)
      at Interface._ttyWrite (readline.js:801:16)
      at ReadStream.onkeypress (readline.js:184:10)
      at ReadStream.emit (events.js:198:13)
      at emitKeys (internal/readline.js:424:14)
      at emitKeys.next (<anonymous>)
      at ReadStream.onData (readline.js:1075:36)
      at ReadStream.emit (events.js:198:13)
      at addChunk (_stream_readable.js:288:12)

npm manifest: 
  No manifest

yarn manifest: 
  No manifest

Lockfile: 
  No lockfile
